<?xml version="1.0" encoding="UTF-8"?>
<!-- Generated by org.testng.reporters.JUnitReportReporter -->
<testsuite hostname="Tonys-mac.local" failures="0" tests="1" name="android_automation_mobile.AppTest" time="12.151" errors="0" timestamp="2021-11-15T07:21:23 WIB" skipped="0">
  <testcase classname="android_automation_mobile.AppTest" name="invalidEmail" time="12.151"/>
  <system-out/>
</testsuite> <!-- android_automation_mobile.AppTest -->
