<?xml version="1.0" encoding="UTF-8"?>
<!-- Generated by org.testng.reporters.JUnitReportReporter -->
<testsuite hostname="Tonys-mac.local" failures="0" tests="2" name="android_automation_mobile.SeleniumTest" time="0.002" errors="0" timestamp="2021-11-15T07:21:23 WIB" skipped="0">
  <testcase classname="android_automation_mobile.SeleniumTest" name="seleniumIOS" time="0.001"/>
  <system-out/>
  <testcase classname="android_automation_mobile.SeleniumTest" name="seleniumAndroid" time="0.001"/>
  <system-out/>
</testsuite> <!-- android_automation_mobile.SeleniumTest -->
