<?xml version="1.0" encoding="UTF-8"?>
<!-- Generated by org.testng.reporters.JUnitReportReporter -->
<testsuite hostname="Tonys-mac.local" failures="0" tests="3" name="android_automation_mobile.LoginTest" time="37.350" errors="0" timestamp="2021-11-15T14:18:21 WIB" skipped="0">
  <testcase classname="android_automation_mobile.LoginTest" name="invalidCredential" time="12.144"/>
  <system-out/>
  <testcase classname="android_automation_mobile.LoginTest" name="successLogin" time="13.012"/>
  <system-out/>
  <testcase classname="android_automation_mobile.LoginTest" name="invalidFormatEmail" time="12.194"/>
  <system-out/>
</testsuite> <!-- android_automation_mobile.LoginTest -->
